<?xml version="1.0" encoding="UTF-8"?>
<!-- Generated by org.testng.reporters.JUnitReportReporter -->
<testsuite hostname="DESKTOP-IT1KP8Q" name="org.testing.testscripts.TC1" tests="1" failures="0" timestamp="15 Jun 2020 01:56:10 GMT" time="0.016" errors="0">
  <testcase name="display" time="0.016" classname="org.testing.testscripts.TC1"/>
</testsuite> <!-- org.testing.testscripts.TC1 -->
